  four_wheels_controller.c
C:\Program Files\Microsoft Visual Studio\2022\Community\VC\Tools\MSVC\14.44.35207\include\stdbool.h(15,9): warning C4005: 'bool': macro redefinition
  (compiling source file 'four_wheels_controller.c')
      C:\Program Files\Webots\include\controller\c\webots\types.h(52,9):
      see previous definition of 'bool'
  
C:\Program Files\Microsoft Visual Studio\2022\Community\VC\Tools\MSVC\14.44.35207\include\stdbool.h(16,9): warning C4005: 'false': macro redefinition
  (compiling source file 'four_wheels_controller.c')
      C:\Program Files\Webots\include\controller\c\webots\types.h(63,9):
      see previous definition of 'false'
  
C:\Program Files\Microsoft Visual Studio\2022\Community\VC\Tools\MSVC\14.44.35207\include\stdbool.h(17,9): warning C4005: 'true': macro redefinition
  (compiling source file 'four_wheels_controller.c')
      C:\Program Files\Webots\include\controller\c\webots\types.h(57,9):
      see previous definition of 'true'
  
C:\Users\notre\SearchBot_Simulation\searchBot_simulation\diff_drive_robot\controllers\four_wheels_controller\four_wheels_controller.c(73,5): warning C4013: 'wb_motor_set_position' undefined; assuming extern returning int
C:\Users\notre\SearchBot_Simulation\searchBot_simulation\diff_drive_robot\controllers\four_wheels_controller\four_wheels_controller.c(78,5): warning C4013: 'wb_motor_set_velocity' undefined; assuming extern returning int
C:\Users\notre\SearchBot_Simulation\searchBot_simulation\diff_drive_robot\controllers\four_wheels_controller\four_wheels_controller.c(135,5): warning C4013: 'wb_gps_enable' undefined; assuming extern returning int
C:\Users\notre\SearchBot_Simulation\searchBot_simulation\diff_drive_robot\controllers\four_wheels_controller\four_wheels_controller.c(306,24): warning C4566: character represented by universal-character-name '\u2192' cannot be represented in the current code page (1252)
C:\Users\notre\SearchBot_Simulation\searchBot_simulation\diff_drive_robot\controllers\four_wheels_controller\four_wheels_controller.c(487,44): warning C4090: 'function': different 'const' qualifiers
  Generating code
  1 of 9 functions (11.1%) were compiled, the rest were copied from previous compilation.
  Finished generating code
    0 functions were new in current compilation
    1 functions had inline decision re-evaluated but remain unchanged
  four_wheels_controller.vcxproj -> C:\Users\notre\SearchBot_Simulation\searchBot_simulation\diff_drive_robot\controllers\four_wheels_controller\four_wheels_controller.exe
